<?xml version="1.0" encoding="UTF-8"?>
<!-- Generated by org.testng.reporters.JUnitXMLReporter -->
<testsuite hostname="DESKTOP-U3TR6TQ" ignored="0" name="Test" tests="5" failures="1" timestamp="23 Jun 2023 06:17:44 GMT" time="0.066" errors="0">
  <testcase name="testCase1" time="0.008" classname="annot.Annot"/>
  <testcase name="testCase2" time="0.002" classname="annot.Annot"/>
  <testcase name="testCase3" time="0.0" classname="annot.Annot"/>
  <testcase name="testCase1" time="0.006" classname="annot.HardAssetEx"/>
  <testcase name="testCase1" time="0.006" classname="annot.SoftAssertEx">
    <failure type="java.lang.AssertionError" message="The following asserts failed:
	comparing number of links expected [10] but found [12],
	comparing two strings expected [Bengaluru] but found [Bangalore]">
      <![CDATA[java.lang.AssertionError: The following asserts failed:
comparing number of links expected [10] but found [12],
comparing two strings expected [Bengaluru] but found [Bangalore]
at annot.SoftAssertEx.testCase1(SoftAssertEx.java:19)
... Removed 26 stack frames]]>
    </failure>
  </testcase> <!-- testCase1 -->
</testsuite> <!-- Test -->
