<?xml version="1.0" encoding="UTF-8"?>
<testng-results skipped="3" failed="1" ignored="0" total="6" passed="2">
  <reporter-output>
  </reporter-output>
  <suite name="Default suite" duration-ms="103685" started-at="2023-06-28T10:11:14Z" finished-at="2023-06-28T10:12:57Z">
    <groups>
      <group name="cucumber">
        <method signature="AbstractTestNGCucumberTests.runScenario(io.cucumber.testng.PickleWrapper, io.cucumber.testng.FeatureWrapper)[pri:0, instance:testRunner.TestRunner@43bd930a]" name="runScenario" class="io.cucumber.testng.AbstractTestNGCucumberTests"/>
      </group> <!-- cucumber -->
    </groups>
    <test name="Default test" duration-ms="103685" started-at="2023-06-28T10:11:14Z" finished-at="2023-06-28T10:12:57Z">
      <class name="testRunner.TestRunner">
        <test-method status="PASS" signature="setUpClass(org.testng.ITestContext)[pri:0, instance:testRunner.TestRunner@43bd930a]" name="setUpClass" is-config="true" duration-ms="9407" started-at="2023-06-28T10:11:14Z" finished-at="2023-06-28T10:11:23Z">
          <params>
            <param index="0">
              <value>
                <![CDATA[org.testng.TestRunner@f91da5e]]>
              </value>
            </param>
          </params>
          <reporter-output>
          </reporter-output>
        </test-method> <!-- setUpClass -->
        <test-method status="SKIP" signature="runScenario(io.cucumber.testng.PickleWrapper, io.cucumber.testng.FeatureWrapper)[pri:0, instance:testRunner.TestRunner@43bd930a]" name="runScenario" duration-ms="537" started-at="2023-06-28T10:11:23Z" description="Runs Cucumber Scenarios" data-provider="scenarios" finished-at="2023-06-28T10:11:24Z">
          <params>
            <param index="0">
              <value>
                <![CDATA["Add an item to cart from furniture department"]]>
              </value>
            </param>
            <param index="1">
              <value>
                <![CDATA["Add an item to cart for customerservice"]]>
              </value>
            </param>
          </params>
          <exception class="org.testng.SkipException">
            <message>
              <![CDATA[This scenario is not set for execution in the module driver]]>
            </message>
            <full-stacktrace>
              <![CDATA[org.testng.SkipException: This scenario is not set for execution in the module driver
at stepDefinations.StepDefinationsForAmazon.beforeEachScenario(StepDefinationsForAmazon.java:87)
]]>
            </full-stacktrace>
          </exception> <!-- org.testng.SkipException -->
          <reporter-output>
          </reporter-output>
        </test-method> <!-- runScenario -->
        <test-method status="SKIP" signature="runScenario(io.cucumber.testng.PickleWrapper, io.cucumber.testng.FeatureWrapper)[pri:0, instance:testRunner.TestRunner@43bd930a]" name="runScenario" duration-ms="22" started-at="2023-06-28T10:11:24Z" description="Runs Cucumber Scenarios" data-provider="scenarios" finished-at="2023-06-28T10:11:24Z">
          <params>
            <param index="0">
              <value>
                <![CDATA["Add an item to cart from furniture department"]]>
              </value>
            </param>
            <param index="1">
              <value>
                <![CDATA["Add an item to cart for customerservice"]]>
              </value>
            </param>
          </params>
          <exception class="org.testng.SkipException">
            <message>
              <![CDATA[This scenario is not set for execution in the module driver]]>
            </message>
            <full-stacktrace>
              <![CDATA[org.testng.SkipException: This scenario is not set for execution in the module driver
at stepDefinations.StepDefinationsForAmazon.beforeEachScenario(StepDefinationsForAmazon.java:87)
]]>
            </full-stacktrace>
          </exception> <!-- org.testng.SkipException -->
          <reporter-output>
          </reporter-output>
        </test-method> <!-- runScenario -->
        <test-method status="SKIP" signature="runScenario(io.cucumber.testng.PickleWrapper, io.cucumber.testng.FeatureWrapper)[pri:0, instance:testRunner.TestRunner@43bd930a]" name="runScenario" duration-ms="16" started-at="2023-06-28T10:11:24Z" description="Runs Cucumber Scenarios" data-provider="scenarios" finished-at="2023-06-28T10:11:24Z">
          <params>
            <param index="0">
              <value>
                <![CDATA["Add an item to cart from furniture department"]]>
              </value>
            </param>
            <param index="1">
              <value>
                <![CDATA["Add an item to cart for customerservice"]]>
              </value>
            </param>
          </params>
          <exception class="org.testng.SkipException">
            <message>
              <![CDATA[This scenario is not set for execution in the module driver]]>
            </message>
            <full-stacktrace>
              <![CDATA[org.testng.SkipException: This scenario is not set for execution in the module driver
at stepDefinations.StepDefinationsForAmazon.beforeEachScenario(StepDefinationsForAmazon.java:87)
]]>
            </full-stacktrace>
          </exception> <!-- org.testng.SkipException -->
          <reporter-output>
          </reporter-output>
        </test-method> <!-- runScenario -->
        <test-method status="PASS" signature="runScenario(io.cucumber.testng.PickleWrapper, io.cucumber.testng.FeatureWrapper)[pri:0, instance:testRunner.TestRunner@43bd930a]" name="runScenario" duration-ms="32774" started-at="2023-06-28T10:11:24Z" description="Runs Cucumber Scenarios" data-provider="scenarios" finished-at="2023-06-28T10:11:57Z">
          <params>
            <param index="0">
              <value>
                <![CDATA["Add an item to cart from furniture department"]]>
              </value>
            </param>
            <param index="1">
              <value>
                <![CDATA["Add an item to cart for Todaysdeal"]]>
              </value>
            </param>
          </params>
          <reporter-output>
          </reporter-output>
        </test-method> <!-- runScenario -->
        <test-method status="PASS" signature="runScenario(io.cucumber.testng.PickleWrapper, io.cucumber.testng.FeatureWrapper)[pri:0, instance:testRunner.TestRunner@43bd930a]" name="runScenario" duration-ms="31223" started-at="2023-06-28T10:11:57Z" description="Runs Cucumber Scenarios" data-provider="scenarios" finished-at="2023-06-28T10:12:28Z">
          <params>
            <param index="0">
              <value>
                <![CDATA["Add an item to cart from furniture department"]]>
              </value>
            </param>
            <param index="1">
              <value>
                <![CDATA["Add an item to cart for Todaysdeal"]]>
              </value>
            </param>
          </params>
          <reporter-output>
          </reporter-output>
        </test-method> <!-- runScenario -->
        <test-method status="FAIL" signature="runScenario(io.cucumber.testng.PickleWrapper, io.cucumber.testng.FeatureWrapper)[pri:0, instance:testRunner.TestRunner@43bd930a]" name="runScenario" duration-ms="28688" started-at="2023-06-28T10:12:28Z" description="Runs Cucumber Scenarios" data-provider="scenarios" finished-at="2023-06-28T10:12:57Z">
          <params>
            <param index="0">
              <value>
                <![CDATA["Add an item to cart from furniture department"]]>
              </value>
            </param>
            <param index="1">
              <value>
                <![CDATA["Add an item to cart for Todaysdeal"]]>
              </value>
            </param>
          </params>
          <exception class="org.openqa.selenium.NoSuchElementException">
            <message>
              <![CDATA[no such element: Unable to locate element: {"method":"xpath","selector":"//*[@id="octopus-dlp-asin-stream"]/ul/li[1]/span/div/div[1]/a/div"}
  (Session info: MicrosoftEdge=114.0.1823.58)
For documentation on this error, please visit: https://www.selenium.dev/documentation/webdriver/troubleshooting/errors#no-such-element-exception
Build info: version: '4.10.0', revision: 'c14d967899'
System info: os.name: 'Windows 11', os.arch: 'amd64', os.version: '10.0', java.version: '1.8.0_351'
Driver info: org.openqa.selenium.edge.EdgeDriver
Command: [ab63e262d7cab7b1292694c9a979a547, findElement {using=xpath, value=//*[@id="octopus-dlp-asin-stream"]/ul/li[1]/span/div/div[1]/a/div}]
Capabilities {acceptInsecureCerts: false, browserName: msedge, browserVersion: 114.0.1823.58, ms:edgeOptions: {debuggerAddress: localhost:55990}, msedge: {msedgedriverVersion: 114.0.1823.58 (913ab82f672f..., userDataDir: C:\Users\SHRINI~1\AppData\L...}, networkConnectionEnabled: false, pageLoadStrategy: normal, platformName: windows, proxy: Proxy(), se:cdp: ws://localhost:55990/devtoo..., se:cdpVersion: 114.0.1823.58, setWindowRect: true, strictFileInteractability: false, timeouts: {implicit: 0, pageLoad: 300000, script: 30000}, unhandledPromptBehavior: dismiss and notify, webauthn:extension:credBlob: true, webauthn:extension:largeBlob: true, webauthn:extension:minPinLength: true, webauthn:extension:prf: true, webauthn:virtualAuthenticators: true}
Session ID: ab63e262d7cab7b1292694c9a979a547]]>
            </message>
            <full-stacktrace>
              <![CDATA[org.openqa.selenium.NoSuchElementException: no such element: Unable to locate element: {"method":"xpath","selector":"//*[@id="octopus-dlp-asin-stream"]/ul/li[1]/span/div/div[1]/a/div"}
  (Session info: MicrosoftEdge=114.0.1823.58)
For documentation on this error, please visit: https://www.selenium.dev/documentation/webdriver/troubleshooting/errors#no-such-element-exception
Build info: version: '4.10.0', revision: 'c14d967899'
System info: os.name: 'Windows 11', os.arch: 'amd64', os.version: '10.0', java.version: '1.8.0_351'
Driver info: org.openqa.selenium.edge.EdgeDriver
Command: [ab63e262d7cab7b1292694c9a979a547, findElement {using=xpath, value=//*[@id="octopus-dlp-asin-stream"]/ul/li[1]/span/div/div[1]/a/div}]
Capabilities {acceptInsecureCerts: false, browserName: msedge, browserVersion: 114.0.1823.58, ms:edgeOptions: {debuggerAddress: localhost:55990}, msedge: {msedgedriverVersion: 114.0.1823.58 (913ab82f672f..., userDataDir: C:\Users\SHRINI~1\AppData\L...}, networkConnectionEnabled: false, pageLoadStrategy: normal, platformName: windows, proxy: Proxy(), se:cdp: ws://localhost:55990/devtoo..., se:cdpVersion: 114.0.1823.58, setWindowRect: true, strictFileInteractability: false, timeouts: {implicit: 0, pageLoad: 300000, script: 30000}, unhandledPromptBehavior: dismiss and notify, webauthn:extension:credBlob: true, webauthn:extension:largeBlob: true, webauthn:extension:minPinLength: true, webauthn:extension:prf: true, webauthn:virtualAuthenticators: true}
Session ID: ab63e262d7cab7b1292694c9a979a547
at sun.reflect.NativeConstructorAccessorImpl.newInstance0(Native Method)
at sun.reflect.NativeConstructorAccessorImpl.newInstance(Unknown Source)
at sun.reflect.DelegatingConstructorAccessorImpl.newInstance(Unknown Source)
at java.lang.reflect.Constructor.newInstance(Unknown Source)
at org.openqa.selenium.remote.codec.w3c.W3CHttpResponseCodec.createException(W3CHttpResponseCodec.java:199)
at org.openqa.selenium.remote.codec.w3c.W3CHttpResponseCodec.decode(W3CHttpResponseCodec.java:132)
at org.openqa.selenium.remote.codec.w3c.W3CHttpResponseCodec.decode(W3CHttpResponseCodec.java:51)
at org.openqa.selenium.remote.HttpCommandExecutor.execute(HttpCommandExecutor.java:191)
at org.openqa.selenium.remote.service.DriverCommandExecutor.invokeExecute(DriverCommandExecutor.java:196)
at org.openqa.selenium.remote.service.DriverCommandExecutor.execute(DriverCommandExecutor.java:171)
at org.openqa.selenium.remote.RemoteWebDriver.execute(RemoteWebDriver.java:531)
at org.openqa.selenium.remote.ElementLocation$ElementFinder$2.findElement(ElementLocation.java:165)
at org.openqa.selenium.remote.ElementLocation.findElement(ElementLocation.java:59)
at org.openqa.selenium.remote.RemoteWebDriver.findElement(RemoteWebDriver.java:350)
at org.openqa.selenium.remote.RemoteWebDriver.findElement(RemoteWebDriver.java:344)
at org.openqa.selenium.support.pagefactory.DefaultElementLocator.findElement(DefaultElementLocator.java:68)
at org.openqa.selenium.support.pagefactory.internal.LocatingElementHandler.invoke(LocatingElementHandler.java:38)
at com.sun.proxy.$Proxy28.click(Unknown Source)
at pageFactory.Itemsublistpage.clickonfirstiteminsublist(Itemsublistpage.java:11)
at stepDefinations.StepDefinationsForAmazon.user_select_movie_and_tv_department_and_select_item_to_add(StepDefinationsForAmazon.java:60)
at âœ½.user select MovieAndTv department and select item to add(file:///C:/SeleniumWorkSpaces/June2023_cucumberForSynechron/HybridFrameWorkForSynchron_June2023/src/test/java/features/Amazon_todaysdeal.feature:6)
]]>
            </full-stacktrace>
          </exception> <!-- org.openqa.selenium.NoSuchElementException -->
          <reporter-output>
          </reporter-output>
        </test-method> <!-- runScenario -->
        <test-method status="PASS" signature="tearDownClass()[pri:0, instance:testRunner.TestRunner@43bd930a]" name="tearDownClass" is-config="true" duration-ms="963" started-at="2023-06-28T10:12:57Z" finished-at="2023-06-28T10:12:57Z">
          <reporter-output>
          </reporter-output>
        </test-method> <!-- tearDownClass -->
      </class> <!-- testRunner.TestRunner -->
    </test> <!-- Default test -->
  </suite> <!-- Default suite -->
</testng-results>
