<?xml version="1.0" encoding="UTF-8"?>
<testng-results skipped="0" failed="0" ignored="0" total="3" passed="3">
  <reporter-output>
  </reporter-output>
  <suite name="Suite" duration-ms="73575" started-at="2023-05-11T11:14:49Z" finished-at="2023-05-11T11:16:02Z">
    <groups>
    </groups>
    <test name="Test" duration-ms="73575" started-at="2023-05-11T11:14:49Z" finished-at="2023-05-11T11:16:02Z">
      <class name="testCases.Test123">
        <test-method status="PASS" signature="openBrowser()[pri:0, instance:testCases.Test123@3632be31]" name="openBrowser" is-config="true" duration-ms="6593" started-at="2023-05-11T11:14:42Z" finished-at="2023-05-11T11:14:49Z">
          <reporter-output>
          </reporter-output>
        </test-method> <!-- openBrowser -->
        <test-method status="PASS" signature="testCase123(java.lang.String)[pri:0, instance:testCases.Test123@3632be31]" name="testCase123" duration-ms="14419" started-at="2023-05-11T11:14:49Z" data-provider="getdata" finished-at="2023-05-11T11:15:04Z">
          <params>
            <param index="0">
              <value>
                <![CDATA[menswatches]]>
              </value>
            </param>
          </params>
          <reporter-output>
          </reporter-output>
        </test-method> <!-- testCase123 -->
        <test-method status="PASS" signature="testCase123(java.lang.String)[pri:0, instance:testCases.Test123@3632be31]" name="testCase123" duration-ms="31955" started-at="2023-05-11T11:15:04Z" data-provider="getdata" finished-at="2023-05-11T11:15:36Z">
          <params>
            <param index="0">
              <value>
                <![CDATA[movie]]>
              </value>
            </param>
          </params>
          <reporter-output>
          </reporter-output>
        </test-method> <!-- testCase123 -->
        <test-method status="PASS" signature="testCase123(java.lang.String)[pri:0, instance:testCases.Test123@3632be31]" name="testCase123" duration-ms="26765" started-at="2023-05-11T11:15:36Z" data-provider="getdata" finished-at="2023-05-11T11:16:02Z">
          <params>
            <param index="0">
              <value>
                <![CDATA[kitchen]]>
              </value>
            </param>
          </params>
          <reporter-output>
          </reporter-output>
        </test-method> <!-- testCase123 -->
        <test-method status="PASS" signature="closeBrowser()[pri:0, instance:testCases.Test123@3632be31]" name="closeBrowser" is-config="true" duration-ms="910" started-at="2023-05-11T11:16:02Z" finished-at="2023-05-11T11:16:03Z">
          <reporter-output>
          </reporter-output>
        </test-method> <!-- closeBrowser -->
      </class> <!-- testCases.Test123 -->
    </test> <!-- Test -->
  </suite> <!-- Suite -->
</testng-results>
