<?xml version="1.0" encoding="UTF-8"?>
<!-- Generated by org.testng.reporters.JUnitXMLReporter -->
<testsuite hostname="DESKTOP-U3TR6TQ" ignored="0" name="Test" tests="3" failures="0" timestamp="11 May 2023 11:16:02 GMT" time="73.575" errors="0">
  <testcase name="testCase123" time="14.419" classname="testCases.Test123"/>
  <testcase name="testCase123" time="31.955" classname="testCases.Test123"/>
  <testcase name="testCase123" time="26.765" classname="testCases.Test123"/>
</testsuite> <!-- Test -->
