<?xml version="1.0" encoding="UTF-8"?>
<!-- Generated by org.testng.reporters.JUnitXMLReporter -->
<testsuite hostname="DESKTOP-U3TR6TQ" ignored="0" name="Default test" tests="3" failures="0" timestamp="28 Jun 2023 09:23:11 GMT" time="0.049" errors="0">
  <testcase name="testCase1" time="0.014" classname="annot.Annot"/>
  <testcase name="testCase2" time="0.001" classname="annot.Annot">
    <skipped/>
  </testcase> <!-- testCase2 -->
  <testcase name="testCase3" time="0.001" classname="annot.Annot"/>
</testsuite> <!-- Default test -->
