<?xml version="1.0" encoding="UTF-8"?>
<testng-results skipped="0" failed="0" ignored="0" total="3" passed="3">
  <reporter-output>
  </reporter-output>
  <suite name="Default suite" duration-ms="2799" started-at="2023-06-27T06:02:47Z" finished-at="2023-06-27T06:02:50Z">
    <groups>
      <group name="cucumber">
        <method signature="AbstractTestNGCucumberTests.runScenario(io.cucumber.testng.PickleWrapper, io.cucumber.testng.FeatureWrapper)[pri:0, instance:testRunner.TestRunner@2a17b7b6]" name="runScenario" class="io.cucumber.testng.AbstractTestNGCucumberTests"/>
      </group> <!-- cucumber -->
    </groups>
    <test name="Default test" duration-ms="2799" started-at="2023-06-27T06:02:47Z" finished-at="2023-06-27T06:02:50Z">
      <class name="testRunner.TestRunner">
        <test-method status="PASS" signature="setUpClass(org.testng.ITestContext)[pri:0, instance:testRunner.TestRunner@2a17b7b6]" name="setUpClass" is-config="true" duration-ms="754" started-at="2023-06-27T06:02:47Z" finished-at="2023-06-27T06:02:48Z">
          <params>
            <param index="0">
              <value>
                <![CDATA[org.testng.TestRunner@4bb8855f]]>
              </value>
            </param>
          </params>
          <reporter-output>
          </reporter-output>
        </test-method> <!-- setUpClass -->
        <test-method status="PASS" signature="runScenario(io.cucumber.testng.PickleWrapper, io.cucumber.testng.FeatureWrapper)[pri:0, instance:testRunner.TestRunner@2a17b7b6]" name="runScenario" duration-ms="196" started-at="2023-06-27T06:02:48Z" description="Runs Cucumber Scenarios" data-provider="scenarios" finished-at="2023-06-27T06:02:48Z">
          <params>
            <param index="0">
              <value>
                <![CDATA["Login in to Gmail with valid credentials"]]>
              </value>
            </param>
            <param index="1">
              <value>
                <![CDATA["Gmail Login feature"]]>
              </value>
            </param>
          </params>
          <reporter-output>
          </reporter-output>
        </test-method> <!-- runScenario -->
        <test-method status="PASS" signature="runScenario(io.cucumber.testng.PickleWrapper, io.cucumber.testng.FeatureWrapper)[pri:0, instance:testRunner.TestRunner@2a17b7b6]" name="runScenario" duration-ms="6" started-at="2023-06-27T06:02:48Z" description="Runs Cucumber Scenarios" data-provider="scenarios" finished-at="2023-06-27T06:02:48Z">
          <params>
            <param index="0">
              <value>
                <![CDATA["Login in to Gmail with invalid credentials"]]>
              </value>
            </param>
            <param index="1">
              <value>
                <![CDATA["Gmail Login feature"]]>
              </value>
            </param>
          </params>
          <reporter-output>
          </reporter-output>
        </test-method> <!-- runScenario -->
        <test-method status="PASS" signature="runScenario(io.cucumber.testng.PickleWrapper, io.cucumber.testng.FeatureWrapper)[pri:0, instance:testRunner.TestRunner@2a17b7b6]" name="runScenario" duration-ms="13" started-at="2023-06-27T06:02:48Z" description="Runs Cucumber Scenarios" data-provider="scenarios" finished-at="2023-06-27T06:02:48Z">
          <params>
            <param index="0">
              <value>
                <![CDATA["create an account"]]>
              </value>
            </param>
            <param index="1">
              <value>
                <![CDATA["Create an account in Timejobs portal using datatable"]]>
              </value>
            </param>
          </params>
          <reporter-output>
          </reporter-output>
        </test-method> <!-- runScenario -->
        <test-method status="PASS" signature="tearDownClass()[pri:0, instance:testRunner.TestRunner@2a17b7b6]" name="tearDownClass" is-config="true" duration-ms="1814" started-at="2023-06-27T06:02:48Z" finished-at="2023-06-27T06:02:50Z">
          <reporter-output>
          </reporter-output>
        </test-method> <!-- tearDownClass -->
      </class> <!-- testRunner.TestRunner -->
    </test> <!-- Default test -->
  </suite> <!-- Default suite -->
</testng-results>
