<?xml version="1.0" encoding="UTF-8"?>
<!-- Generated by org.testng.reporters.JUnitXMLReporter -->
<testsuite hostname="DESKTOP-U3TR6TQ" ignored="4" name="Test" tests="3" failures="0" timestamp="11 May 2023 04:00:54 GMT" time="81.976" errors="0">
  <testcase name="testCase1" time="16.104" classname="testCasesForAmazon.Test1"/>
  <testcase name="testCase2" time="32.584" classname="testCasesForAmazon.Test2"/>
  <testcase name="testCase3" time="33.204" classname="testCasesForAmazon.Test3"/>
  <testcase name="@BeforeSuite openBrowser" time="0.0" classname="testBase.TestBase">
    <ignored/>
  </testcase> <!-- @BeforeSuite openBrowser -->
  <testcase name="@BeforeSuite openBrowser" time="0.0" classname="testBase.TestBase">
    <ignored/>
  </testcase> <!-- @BeforeSuite openBrowser -->
  <testcase name="@AfterSuite closeBrowser" time="0.0" classname="testBase.TestBase">
    <ignored/>
  </testcase> <!-- @AfterSuite closeBrowser -->
  <testcase name="@AfterSuite closeBrowser" time="0.0" classname="testBase.TestBase">
    <ignored/>
  </testcase> <!-- @AfterSuite closeBrowser -->
</testsuite> <!-- Test -->
