<?xml version="1.0" encoding="UTF-8"?>
<testng-results skipped="0" failed="0" ignored="0" total="1" passed="1">
  <reporter-output>
  </reporter-output>
  <suite name="Default suite" duration-ms="68734" started-at="2023-06-27T07:29:38Z" finished-at="2023-06-27T07:30:47Z">
    <groups>
    </groups>
    <test name="Default test" duration-ms="68734" started-at="2023-06-27T07:29:38Z" finished-at="2023-06-27T07:30:47Z">
      <class name="seleniumConcepts.HealeniumConcept">
        <test-method status="PASS" signature="testCase1()[pri:0, instance:seleniumConcepts.HealeniumConcept@b2c9a9c]" name="testCase1" duration-ms="68695" started-at="2023-06-27T07:29:38Z" finished-at="2023-06-27T07:30:47Z">
          <reporter-output>
          </reporter-output>
        </test-method> <!-- testCase1 -->
      </class> <!-- seleniumConcepts.HealeniumConcept -->
    </test> <!-- Default test -->
  </suite> <!-- Default suite -->
</testng-results>
