<?xml version="1.0" encoding="UTF-8"?>
<testng-results skipped="0" failed="0" ignored="4" total="7" passed="3">
  <reporter-output>
  </reporter-output>
  <suite name="Suite" duration-ms="81976" started-at="2023-05-11T03:59:32Z" finished-at="2023-05-11T04:00:54Z">
    <groups>
    </groups>
    <test name="Test" duration-ms="81976" started-at="2023-05-11T03:59:32Z" finished-at="2023-05-11T04:00:54Z">
      <class name="testCasesForAmazon.Test2">
        <test-method status="PASS" signature="testCase2()[pri:0, instance:testCasesForAmazon.Test2@6e1ec318]" name="testCase2" duration-ms="32584" started-at="2023-05-11T03:59:49Z" finished-at="2023-05-11T04:00:21Z">
          <reporter-output>
          </reporter-output>
        </test-method> <!-- testCase2 -->
      </class> <!-- testCasesForAmazon.Test2 -->
      <class name="testCasesForAmazon.Test3">
        <test-method status="PASS" signature="testCase3()[pri:0, instance:testCasesForAmazon.Test3@7e0b0338]" name="testCase3" duration-ms="33204" started-at="2023-05-11T04:00:21Z" finished-at="2023-05-11T04:00:54Z">
          <reporter-output>
          </reporter-output>
        </test-method> <!-- testCase3 -->
      </class> <!-- testCasesForAmazon.Test3 -->
      <class name="testCasesForAmazon.Test1">
        <test-method status="PASS" signature="openBrowser()[pri:0, instance:testCasesForAmazon.Test1@10bdf5e5]" name="openBrowser" is-config="true" duration-ms="6840" started-at="2023-05-11T03:59:26Z" finished-at="2023-05-11T03:59:32Z">
          <reporter-output>
          </reporter-output>
        </test-method> <!-- openBrowser -->
        <test-method status="PASS" signature="testCase1()[pri:0, instance:testCasesForAmazon.Test1@10bdf5e5]" name="testCase1" duration-ms="16104" started-at="2023-05-11T03:59:33Z" finished-at="2023-05-11T03:59:49Z">
          <reporter-output>
          </reporter-output>
        </test-method> <!-- testCase1 -->
        <test-method status="PASS" signature="closeBrowser()[pri:0, instance:testCasesForAmazon.Test1@10bdf5e5]" name="closeBrowser" is-config="true" duration-ms="933" started-at="2023-05-11T04:00:54Z" finished-at="2023-05-11T04:00:55Z">
          <reporter-output>
          </reporter-output>
        </test-method> <!-- closeBrowser -->
      </class> <!-- testCasesForAmazon.Test1 -->
    </test> <!-- Test -->
  </suite> <!-- Suite -->
</testng-results>
