<?xml version="1.0" encoding="UTF-8"?>
<testng-results skipped="0" failed="0" ignored="0" total="3" passed="3">
  <reporter-output>
  </reporter-output>
  <suite name="Default suite" duration-ms="102054" started-at="2023-06-28T06:10:43Z" finished-at="2023-06-28T06:12:25Z">
    <groups>
      <group name="cucumber">
        <method signature="AbstractTestNGCucumberTests.runScenario(io.cucumber.testng.PickleWrapper, io.cucumber.testng.FeatureWrapper)[pri:0, instance:testRunner.TestRunner@43bd930a]" name="runScenario" class="io.cucumber.testng.AbstractTestNGCucumberTests"/>
      </group> <!-- cucumber -->
    </groups>
    <test name="Default test" duration-ms="102054" started-at="2023-06-28T06:10:43Z" finished-at="2023-06-28T06:12:25Z">
      <class name="testRunner.TestRunner">
        <test-method status="PASS" signature="setUpClass(org.testng.ITestContext)[pri:0, instance:testRunner.TestRunner@43bd930a]" name="setUpClass" is-config="true" duration-ms="6231" started-at="2023-06-28T06:10:43Z" finished-at="2023-06-28T06:10:50Z">
          <params>
            <param index="0">
              <value>
                <![CDATA[org.testng.TestRunner@3453acd2]]>
              </value>
            </param>
          </params>
          <reporter-output>
          </reporter-output>
        </test-method> <!-- setUpClass -->
        <test-method status="PASS" signature="runScenario(io.cucumber.testng.PickleWrapper, io.cucumber.testng.FeatureWrapper)[pri:0, instance:testRunner.TestRunner@43bd930a]" name="runScenario" duration-ms="33784" started-at="2023-06-28T06:10:50Z" description="Runs Cucumber Scenarios" data-provider="scenarios" finished-at="2023-06-28T06:11:23Z">
          <params>
            <param index="0">
              <value>
                <![CDATA["Add an item to cart from furniture department"]]>
              </value>
            </param>
            <param index="1">
              <value>
                <![CDATA["Add an item to cart"]]>
              </value>
            </param>
          </params>
          <reporter-output>
          </reporter-output>
        </test-method> <!-- runScenario -->
        <test-method status="PASS" signature="runScenario(io.cucumber.testng.PickleWrapper, io.cucumber.testng.FeatureWrapper)[pri:0, instance:testRunner.TestRunner@43bd930a]" name="runScenario" duration-ms="29735" started-at="2023-06-28T06:11:23Z" description="Runs Cucumber Scenarios" data-provider="scenarios" finished-at="2023-06-28T06:11:53Z">
          <params>
            <param index="0">
              <value>
                <![CDATA["Add an item to cart from menswatches department"]]>
              </value>
            </param>
            <param index="1">
              <value>
                <![CDATA["Add an item to cart"]]>
              </value>
            </param>
          </params>
          <reporter-output>
          </reporter-output>
        </test-method> <!-- runScenario -->
        <test-method status="PASS" signature="runScenario(io.cucumber.testng.PickleWrapper, io.cucumber.testng.FeatureWrapper)[pri:0, instance:testRunner.TestRunner@43bd930a]" name="runScenario" duration-ms="24935" started-at="2023-06-28T06:11:53Z" description="Runs Cucumber Scenarios" data-provider="scenarios" finished-at="2023-06-28T06:12:18Z">
          <params>
            <param index="0">
              <value>
                <![CDATA["Add an item to cart from menswatches department"]]>
              </value>
            </param>
            <param index="1">
              <value>
                <![CDATA["Add an item to cart"]]>
              </value>
            </param>
          </params>
          <reporter-output>
          </reporter-output>
        </test-method> <!-- runScenario -->
        <test-method status="PASS" signature="tearDownClass()[pri:0, instance:testRunner.TestRunner@43bd930a]" name="tearDownClass" is-config="true" duration-ms="7331" started-at="2023-06-28T06:12:18Z" finished-at="2023-06-28T06:12:25Z">
          <reporter-output>
          </reporter-output>
        </test-method> <!-- tearDownClass -->
      </class> <!-- testRunner.TestRunner -->
    </test> <!-- Default test -->
  </suite> <!-- Default suite -->
</testng-results>
