<?xml version="1.0" encoding="UTF-8"?>
<!-- Generated by org.testng.reporters.JUnitXMLReporter -->
<testsuite hostname="DESKTOP-U3TR6TQ" ignored="0" name="Test" tests="29" failures="2" timestamp="08 May 2023 10:01:15 GMT" time="0.489" errors="0">
  <testcase name="Deletemail" time="0.015" classname="annotations.Order"/>
  <testcase name="workWithxl" time="0.363" classname="annotations.WorkWithExcel"/>
  <testcase name="testCase1" time="0.002" classname="annotations.HardAssertExample"/>
  <testcase name="testCase1" time="0.002" classname="annotations.Annot"/>
  <testcase name="testCase3" time="0.001" classname="annotations.Annot"/>
  <testcase name="testCase2" time="0.0" classname="annotations.Annot"/>
  <testcase name="testCase1" time="0.001" classname="annotations.ParamWithArray"/>
  <testcase name="testCase1" time="0.001" classname="annotations.ParamWithArray"/>
  <testcase name="testCase1" time="0.002" classname="annotations.ParamWithArray"/>
  <testcase name="testCase1" time="0.009" classname="annotations.OneMoreMethod">
    <failure type="java.lang.AssertionError" message="The following asserts failed:
	Strings are mis-matching">
      <![CDATA[java.lang.AssertionError: The following asserts failed:
Strings are mis-matching
at annotations.OneMoreMethod.testCase1(OneMoreMethod.java:19)
... Removed 26 stack frames]]>
    </failure>
  </testcase> <!-- testCase1 -->
  <testcase name="testCase1" time="0.002" classname="annotations.SoftAssertExample">
    <failure type="java.lang.AssertionError" message="The following asserts failed:
	comparing number of links expected [10] but found [12],
	comparing two strings expected [Bengalooru] but found [Bangalore]">
      <![CDATA[java.lang.AssertionError: The following asserts failed:
comparing number of links expected [10] but found [12],
comparing two strings expected [Bengalooru] but found [Bangalore]
at annotations.SoftAssertExample.testCase1(SoftAssertExample.java:20)
... Removed 26 stack frames]]>
    </failure>
  </testcase> <!-- testCase1 -->
  <testcase name="testcase1" time="0.002" classname="annotations.ParamWithExcel"/>
  <testcase name="testcase1" time="0.001" classname="annotations.ParamWithExcel"/>
  <testcase name="testcase1" time="0.001" classname="annotations.ParamWithExcel"/>
  <testcase name="testcase1" time="0.001" classname="annotations.ParamWithExcel"/>
  <testcase name="testcase1" time="0.0" classname="annotations.ParamWithExcel"/>
  <testcase name="testcase1" time="0.001" classname="annotations.ParamWithExcel"/>
  <testcase name="testcase1" time="0.0" classname="annotations.ParamWithExcel"/>
  <testcase name="testcase1" time="0.0" classname="annotations.ParamWithExcel"/>
  <testcase name="testcase1" time="0.0" classname="annotations.ParamWithExcel"/>
  <testcase name="testcase1" time="0.0" classname="annotations.ParamWithExcel"/>
  <testcase name="testcase1" time="0.0" classname="annotations.ParamWithExcel"/>
  <testcase name="testcase1" time="0.0" classname="annotations.ParamWithExcel"/>
  <testcase name="testcase1" time="0.0" classname="annotations.ParamWithExcel"/>
  <testcase name="testcase1" time="0.0" classname="annotations.ParamWithExcel"/>
  <testcase name="testcase1" time="0.0" classname="annotations.ParamWithExcel"/>
  <testcase name="testcase1" time="0.001" classname="annotations.ParamWithExcel"/>
  <testcase name="login" time="0.0" classname="annotations.Order"/>
  <testcase name="composemail" time="0.0" classname="annotations.Order"/>
</testsuite> <!-- Test -->
