<?xml version="1.0" encoding="UTF-8"?>
<!-- Generated by org.testng.reporters.JUnitXMLReporter -->
<testsuite hostname="DESKTOP-U3TR6TQ" ignored="0" name="Test" tests="3" failures="0" timestamp="23 Jun 2023 09:34:00 GMT" time="48.421" errors="0">
  <testcase name="testCase2" time="25.149" classname="testCasesForamazon.Test2"/>
  <testcase name="testCase1" time="26.052" classname="testCasesForamazon.Test1"/>
  <testcase name="testCase3" time="23.236" classname="testCasesForamazon.Test3"/>
</testsuite> <!-- Test -->
